Build started 1/30/2016 9:47:37 PM.
     1>Project "C:\Users\Naveed\Documents\Visual Studio 2015\Projects\Camera\AR Game.vcxproj" on node 2 (Build target(s)).
     1>ClCompile:
         C:\Program Files (x86)\Microsoft Visual Studio 14.0\VC\bin\x86_amd64\CL.exe /c /Zi /nologo /W3 /WX- /sdl- /O2 /Oi /GL /D WIN32 /D NDEBUG /D _CONSOLE /D _CRT_SECURE_NO_WARNINGS /D _MBCS /Gm- /EHsc /MD /GS /Gy /fp:precise /Zc:wchar_t /Zc:forScope /Zc:inline /Fo"x64\Release\\" /Fd"x64\Release\vc140.pdb" /Gd /TP /errorReport:prompt Main.cpp
         Main.cpp
     1>C:\Users\Naveed\Documents\Visual Studio 2015\Projects\Camera\Libraries\OpenCV2\include\opencv2/legacy/compat.hpp : warning C4819: The file contains a character that cannot be represented in the current code page (932). Save the file in Unicode format to prevent data loss
     1>Main.cpp(127): warning C4244: 'argument': conversion from 'const int' to 'float', possible loss of data
     1>Main.cpp(153): warning C4244: 'argument': conversion from 'double' to 'float', possible loss of data
     1>Main.cpp(154): warning C4244: 'argument': conversion from 'double' to 'float', possible loss of data
     1>Main.cpp(229): warning C4244: 'argument': conversion from 'double' to 'float', possible loss of data
     1>Main.cpp(239): warning C4244: 'argument': conversion from 'double' to 'float', possible loss of data
     1>Main.cpp(288): warning C4244: 'argument': conversion from 'const double' to 'float', possible loss of data
     1>Main.cpp(326): warning C4244: 'argument': conversion from 'int' to 'float', possible loss of data
     1>Main.cpp(347): warning C4244: 'argument': conversion from 'float' to 'int', possible loss of data
     1>Main.cpp(349): warning C4244: 'argument': conversion from 'float' to 'int', possible loss of data
     1>Main.cpp(380): warning C4244: 'argument': conversion from 'float' to 'int', possible loss of data
     1>Main.cpp(382): warning C4244: 'argument': conversion from 'float' to 'int', possible loss of data
     1>Main.cpp(409): warning C4244: 'argument': conversion from 'float' to 'int', possible loss of data
     1>Main.cpp(411): warning C4244: 'argument': conversion from 'float' to 'int', possible loss of data
       Link:
         C:\Program Files (x86)\Microsoft Visual Studio 14.0\VC\bin\x86_amd64\link.exe /ERRORREPORT:PROMPT /OUT:"C:\Users\Naveed\Documents\Visual Studio 2015\Projects\Camera\x64\Release\AR Game.exe" /NOLOGO opencv_core2411.lib opencv_highgui2411.lib opencv_video2411.lib opencv_ml2411.lib opencv_legacy2411.lib opencv_imgproc2411.lib FlyCapture2.lib winmm.lib ws2_32.lib SDL.lib SDLmain.lib SDL_ttf.lib SDL_net.lib SDL_mixer.lib SDL_image.lib opengl32.lib glu32.lib kernel32.lib user32.lib gdi32.lib winspool.lib comdlg32.lib advapi32.lib shell32.lib ole32.lib oleaut32.lib uuid.lib odbc32.lib odbccp32.lib /MANIFEST /MANIFESTUAC:"level='asInvoker' uiAccess='false'" /manifest:embed /Debug /PDB:"C:\Users\Naveed\Documents\Visual Studio 2015\Projects\Camera\x64\Release\AR Game.pdb" /SUBSYSTEM:CONSOLE /OPT:REF /OPT:ICF /LTCG:incremental /TLBID:1 /DYNAMICBASE /NXCOMPAT /IMPLIB:"C:\Users\Naveed\Documents\Visual Studio 2015\Projects\Camera\x64\Release\AR Game.lib" /MACHINE:X64 x64\Release\Main.obj
         x64\Release\AccelerometerCalibrator.obj
         x64\Release\CaptureDevice.obj
         x64\Release\CaptureDevice_PGRCamera2.obj
         x64\Release\CaptureDevice_PGRCamera2_FireflyMV.obj
         x64\Release\GyroCalibrator.obj
         x64\Release\Binarizer.obj
         x64\Release\ObjectTracker.obj
         x64\Release\RegionLabeler.obj
         x64\Release\Inputter.obj
         x64\Release\ImageRenderer.obj
         x64\Release\Renderer.obj
         x64\Release\TextRenderer.obj
         x64\Release\rs232c.obj
         x64\Release\SensorDataReceiver.obj
         x64\Release\SensorDataVisualizer.obj
         x64\Release\Timer.obj
         Generating code
         1 of 717 functions ( 0.1%) were compiled, the rest were copied from previous compilation.
           0 functions were new in current compilation
           1 functions had inline decision re-evaluated but remain unchanged
         Finished generating code
     1>SDLmain.lib(SDL_win32_main.obj) : warning LNK4099: PDB 'SDLmain.pdb' was not found with 'SDLmain.lib(SDL_win32_main.obj)' or at 'C:\Users\Naveed\Documents\Visual Studio 2015\Projects\Camera\x64\Release\SDLmain.pdb'; linking object as if no debug info
         AR Game.vcxproj -> C:\Users\Naveed\Documents\Visual Studio 2015\Projects\Camera\x64\Release\AR Game.exe
     1>Done Building Project "C:\Users\Naveed\Documents\Visual Studio 2015\Projects\Camera\AR Game.vcxproj" (Build target(s)).

Build succeeded.

Time Elapsed 00:00:02.10
